{"/Users/ngm/Projects/toy-robot/src/config.js": {"path":"/Users/ngm/Projects/toy-robot/src/config.js","statementMap":{"0":{"start":{"line":2,"column":18},"end":{"line":8,"column":1}},"1":{"start":{"line":11,"column":16},"end":{"line":16,"column":1}},"2":{"start":{"line":19,"column":24},"end":{"line":35,"column":1}},"3":{"start":{"line":37,"column":0},"end":{"line":41,"column":2}}},"fnMap":{},"branchMap":{},"s":{"0":1,"1":1,"2":1,"3":1},"f":{},"b":{},"_coverageSchema":"43e27e138ebf9cfc5966b082cf9a028302ed4184","hash":"1397fb29166b379b796b98ef15434bb7a60ff2e2"}
,"/Users/ngm/Projects/toy-robot/src/game.js": {"path":"/Users/ngm/Projects/toy-robot/src/game.js","statementMap":{"0":{"start":{"line":1,"column":16},"end":{"line":1,"column":39}},"1":{"start":{"line":2,"column":46},"end":{"line":2,"column":65}},"2":{"start":{"line":4,"column":14},"end":{"line":12,"column":1}},"3":{"start":{"line":5,"column":19},"end":{"line":5,"column":44}},"4":{"start":{"line":7,"column":4},"end":{"line":9,"column":5}},"5":{"start":{"line":8,"column":8},"end":{"line":8,"column":20}},"6":{"start":{"line":11,"column":4},"end":{"line":11,"column":17}},"7":{"start":{"line":14,"column":13},"end":{"line":22,"column":1}},"8":{"start":{"line":15,"column":19},"end":{"line":15,"column":38}},"9":{"start":{"line":17,"column":4},"end":{"line":19,"column":5}},"10":{"start":{"line":18,"column":8},"end":{"line":18,"column":43}},"11":{"start":{"line":21,"column":4},"end":{"line":21,"column":17}},"12":{"start":{"line":24,"column":13},"end":{"line":32,"column":1}},"13":{"start":{"line":25,"column":19},"end":{"line":25,"column":38}},"14":{"start":{"line":27,"column":4},"end":{"line":29,"column":5}},"15":{"start":{"line":28,"column":8},"end":{"line":28,"column":41}},"16":{"start":{"line":31,"column":4},"end":{"line":31,"column":17}},"17":{"start":{"line":34,"column":14},"end":{"line":42,"column":1}},"18":{"start":{"line":35,"column":19},"end":{"line":35,"column":38}},"19":{"start":{"line":37,"column":4},"end":{"line":39,"column":5}},"20":{"start":{"line":38,"column":8},"end":{"line":38,"column":43}},"21":{"start":{"line":41,"column":4},"end":{"line":41,"column":17}},"22":{"start":{"line":44,"column":15},"end":{"line":53,"column":1}},"23":{"start":{"line":45,"column":19},"end":{"line":45,"column":38}},"24":{"start":{"line":47,"column":4},"end":{"line":52,"column":5}},"25":{"start":{"line":48,"column":8},"end":{"line":48,"column":78}},"26":{"start":{"line":51,"column":8},"end":{"line":51,"column":47}},"27":{"start":{"line":56,"column":18},"end":{"line":60,"column":1}},"28":{"start":{"line":57,"column":4},"end":{"line":57,"column":25}},"29":{"start":{"line":58,"column":19},"end":{"line":58,"column":52}},"30":{"start":{"line":59,"column":4},"end":{"line":59,"column":39}},"31":{"start":{"line":63,"column":18},"end":{"line":73,"column":1}},"32":{"start":{"line":64,"column":4},"end":{"line":64,"column":25}},"33":{"start":{"line":65,"column":4},"end":{"line":72,"column":5}},"34":{"start":{"line":66,"column":8},"end":{"line":66,"column":52}},"35":{"start":{"line":67,"column":8},"end":{"line":67,"column":20}},"36":{"start":{"line":70,"column":8},"end":{"line":70,"column":48}},"37":{"start":{"line":71,"column":8},"end":{"line":71,"column":21}},"38":{"start":{"line":76,"column":19},"end":{"line":81,"column":1}},"39":{"start":{"line":77,"column":12},"end":{"line":77,"column":32}},"40":{"start":{"line":78,"column":4},"end":{"line":78,"column":24}},"41":{"start":{"line":79,"column":4},"end":{"line":79,"column":24}},"42":{"start":{"line":80,"column":4},"end":{"line":80,"column":39}},"43":{"start":{"line":84,"column":17},"end":{"line":87,"column":1}},"44":{"start":{"line":85,"column":4},"end":{"line":85,"column":52}},"45":{"start":{"line":86,"column":4},"end":{"line":86,"column":39}},"46":{"start":{"line":90,"column":18},"end":{"line":93,"column":1}},"47":{"start":{"line":91,"column":4},"end":{"line":91,"column":53}},"48":{"start":{"line":92,"column":4},"end":{"line":92,"column":39}},"49":{"start":{"line":96,"column":23},"end":{"line":103,"column":1}},"50":{"start":{"line":97,"column":4},"end":{"line":102,"column":5}},"51":{"start":{"line":98,"column":8},"end":{"line":98,"column":51}},"52":{"start":{"line":101,"column":8},"end":{"line":101,"column":21}},"53":{"start":{"line":105,"column":26},"end":{"line":119,"column":1}},"54":{"start":{"line":106,"column":19},"end":{"line":106,"column":34}},"55":{"start":{"line":107,"column":4},"end":{"line":118,"column":5}},"56":{"start":{"line":108,"column":8},"end":{"line":108,"column":48}},"57":{"start":{"line":109,"column":8},"end":{"line":109,"column":48}},"58":{"start":{"line":111,"column":8},"end":{"line":113,"column":9}},"59":{"start":{"line":112,"column":12},"end":{"line":112,"column":31}},"60":{"start":{"line":114,"column":8},"end":{"line":114,"column":24}},"61":{"start":{"line":117,"column":8},"end":{"line":117,"column":21}},"62":{"start":{"line":121,"column":0},"end":{"line":127,"column":2}}},"fnMap":{"0":{"name":"(anonymous_0)","decl":{"start":{"line":4,"column":14},"end":{"line":4,"column":15}},"loc":{"start":{"line":4,"column":35},"end":{"line":12,"column":1}},"line":4},"1":{"name":"(anonymous_1)","decl":{"start":{"line":14,"column":13},"end":{"line":14,"column":14}},"loc":{"start":{"line":14,"column":30},"end":{"line":22,"column":1}},"line":14},"2":{"name":"(anonymous_2)","decl":{"start":{"line":24,"column":13},"end":{"line":24,"column":14}},"loc":{"start":{"line":24,"column":30},"end":{"line":32,"column":1}},"line":24},"3":{"name":"(anonymous_3)","decl":{"start":{"line":34,"column":14},"end":{"line":34,"column":15}},"loc":{"start":{"line":34,"column":31},"end":{"line":42,"column":1}},"line":34},"4":{"name":"(anonymous_4)","decl":{"start":{"line":44,"column":15},"end":{"line":44,"column":16}},"loc":{"start":{"line":44,"column":32},"end":{"line":53,"column":1}},"line":44},"5":{"name":"(anonymous_5)","decl":{"start":{"line":56,"column":18},"end":{"line":56,"column":19}},"loc":{"start":{"line":56,"column":35},"end":{"line":60,"column":1}},"line":56},"6":{"name":"(anonymous_6)","decl":{"start":{"line":63,"column":18},"end":{"line":63,"column":19}},"loc":{"start":{"line":63,"column":43},"end":{"line":73,"column":1}},"line":63},"7":{"name":"(anonymous_7)","decl":{"start":{"line":76,"column":19},"end":{"line":76,"column":20}},"loc":{"start":{"line":76,"column":44},"end":{"line":81,"column":1}},"line":76},"8":{"name":"(anonymous_8)","decl":{"start":{"line":84,"column":17},"end":{"line":84,"column":18}},"loc":{"start":{"line":84,"column":42},"end":{"line":87,"column":1}},"line":84},"9":{"name":"(anonymous_9)","decl":{"start":{"line":90,"column":18},"end":{"line":90,"column":19}},"loc":{"start":{"line":90,"column":43},"end":{"line":93,"column":1}},"line":90},"10":{"name":"(anonymous_10)","decl":{"start":{"line":96,"column":23},"end":{"line":96,"column":24}},"loc":{"start":{"line":96,"column":42},"end":{"line":103,"column":1}},"line":96},"11":{"name":"(anonymous_11)","decl":{"start":{"line":105,"column":26},"end":{"line":105,"column":27}},"loc":{"start":{"line":105,"column":41},"end":{"line":119,"column":1}},"line":105}},"branchMap":{"0":{"loc":{"start":{"line":7,"column":4},"end":{"line":9,"column":5}},"type":"if","locations":[{"start":{"line":7,"column":4},"end":{"line":9,"column":5}},{"start":{"line":7,"column":4},"end":{"line":9,"column":5}}],"line":7},"1":{"loc":{"start":{"line":17,"column":4},"end":{"line":19,"column":5}},"type":"if","locations":[{"start":{"line":17,"column":4},"end":{"line":19,"column":5}},{"start":{"line":17,"column":4},"end":{"line":19,"column":5}}],"line":17},"2":{"loc":{"start":{"line":27,"column":4},"end":{"line":29,"column":5}},"type":"if","locations":[{"start":{"line":27,"column":4},"end":{"line":29,"column":5}},{"start":{"line":27,"column":4},"end":{"line":29,"column":5}}],"line":27},"3":{"loc":{"start":{"line":37,"column":4},"end":{"line":39,"column":5}},"type":"if","locations":[{"start":{"line":37,"column":4},"end":{"line":39,"column":5}},{"start":{"line":37,"column":4},"end":{"line":39,"column":5}}],"line":37},"4":{"loc":{"start":{"line":47,"column":4},"end":{"line":52,"column":5}},"type":"if","locations":[{"start":{"line":47,"column":4},"end":{"line":52,"column":5}},{"start":{"line":47,"column":4},"end":{"line":52,"column":5}}],"line":47},"5":{"loc":{"start":{"line":59,"column":11},"end":{"line":59,"column":38}},"type":"cond-expr","locations":[{"start":{"line":59,"column":22},"end":{"line":59,"column":30}},{"start":{"line":59,"column":33},"end":{"line":59,"column":38}}],"line":59},"6":{"loc":{"start":{"line":65,"column":4},"end":{"line":72,"column":5}},"type":"if","locations":[{"start":{"line":65,"column":4},"end":{"line":72,"column":5}},{"start":{"line":65,"column":4},"end":{"line":72,"column":5}}],"line":65},"7":{"loc":{"start":{"line":111,"column":8},"end":{"line":113,"column":9}},"type":"if","locations":[{"start":{"line":111,"column":8},"end":{"line":113,"column":9}},{"start":{"line":111,"column":8},"end":{"line":113,"column":9}}],"line":111}},"s":{"0":1,"1":1,"2":1,"3":9,"4":9,"5":4,"6":5,"7":1,"8":3,"9":3,"10":2,"11":1,"12":1,"13":2,"14":2,"15":1,"16":1,"17":1,"18":2,"19":2,"20":1,"21":1,"22":1,"23":2,"24":2,"25":1,"26":1,"27":1,"28":9,"29":9,"30":9,"31":1,"32":13,"33":13,"34":7,"35":7,"36":6,"37":6,"38":1,"39":2,"40":2,"41":2,"42":2,"43":1,"44":1,"45":1,"46":1,"47":1,"48":1,"49":1,"50":13,"51":13,"52":3,"53":1,"54":9,"55":9,"56":9,"57":9,"58":9,"59":1,"60":8,"61":1,"62":1},"f":{"0":9,"1":3,"2":2,"3":2,"4":2,"5":9,"6":13,"7":2,"8":1,"9":1,"10":13,"11":9},"b":{"0":[4,5],"1":[2,1],"2":[1,1],"3":[1,1],"4":[1,1],"5":[5,4],"6":[7,6],"7":[1,8]},"_coverageSchema":"43e27e138ebf9cfc5966b082cf9a028302ed4184","hash":"14fcef2c4ced34cd8df3f2ed55d35601b4e35297"}
}
