TN:
SF:/Users/ngm/Projects/toy-robot/src/config.js
FNF:0
FNH:0
DA:2,1
DA:11,1
DA:19,1
DA:37,1
LF:4
LH:4
BRF:0
BRH:0
end_of_record
TN:
SF:/Users/ngm/Projects/toy-robot/src/game.js
FN:4,(anonymous_0)
FN:14,(anonymous_1)
FN:24,(anonymous_2)
FN:34,(anonymous_3)
FN:44,(anonymous_4)
FN:56,(anonymous_5)
FN:63,(anonymous_6)
FN:76,(anonymous_7)
FN:84,(anonymous_8)
FN:90,(anonymous_9)
FN:96,(anonymous_10)
FN:105,(anonymous_11)
FNF:12
FNH:12
FNDA:9,(anonymous_0)
FNDA:3,(anonymous_1)
FNDA:2,(anonymous_2)
FNDA:2,(anonymous_3)
FNDA:2,(anonymous_4)
FNDA:9,(anonymous_5)
FNDA:13,(anonymous_6)
FNDA:2,(anonymous_7)
FNDA:1,(anonymous_8)
FNDA:1,(anonymous_9)
FNDA:13,(anonymous_10)
FNDA:9,(anonymous_11)
DA:1,1
DA:2,1
DA:4,1
DA:5,9
DA:7,9
DA:8,4
DA:11,5
DA:14,1
DA:15,3
DA:17,3
DA:18,2
DA:21,1
DA:24,1
DA:25,2
DA:27,2
DA:28,1
DA:31,1
DA:34,1
DA:35,2
DA:37,2
DA:38,1
DA:41,1
DA:44,1
DA:45,2
DA:47,2
DA:48,1
DA:51,1
DA:56,1
DA:57,9
DA:58,9
DA:59,9
DA:63,1
DA:64,13
DA:65,13
DA:66,7
DA:67,7
DA:70,6
DA:71,6
DA:76,1
DA:77,2
DA:78,2
DA:79,2
DA:80,2
DA:84,1
DA:85,1
DA:86,1
DA:90,1
DA:91,1
DA:92,1
DA:96,1
DA:97,13
DA:98,13
DA:101,3
DA:105,1
DA:106,9
DA:107,9
DA:108,9
DA:109,9
DA:111,9
DA:112,1
DA:114,8
DA:117,1
DA:121,1
LF:63
LH:63
BRDA:7,0,0,4
BRDA:7,0,1,5
BRDA:17,1,0,2
BRDA:17,1,1,1
BRDA:27,2,0,1
BRDA:27,2,1,1
BRDA:37,3,0,1
BRDA:37,3,1,1
BRDA:47,4,0,1
BRDA:47,4,1,1
BRDA:59,5,0,5
BRDA:59,5,1,4
BRDA:65,6,0,7
BRDA:65,6,1,6
BRDA:111,7,0,1
BRDA:111,7,1,8
BRF:16
BRH:16
end_of_record
